<?xml version="1.0" encoding="UTF-8"?>
<!-- Generated by org.testng.reporters.JUnitReportReporter -->
<testsuite hostname="DESKTOP-HCKD6N7" failures="0" tests="3" name="api.Tests.UserTest" time="7.875" errors="0" timestamp="2024-07-06T12:38:19 IST" skipped="0">
  <testcase classname="api.Tests.UserTest" name="createUserTest" time="3.060"/>
  <system-out/>
  <testcase classname="api.Tests.UserTest" name="getUserTest" time="1.283"/>
  <system-out/>
  <testcase classname="api.Tests.UserTest" name="updateUserTest" time="3.532"/>
  <system-out/>
</testsuite> <!-- api.Tests.UserTest -->
